<?xml version="1.0" encoding="UTF-8"?>
<testsuite xmlns:xsi="http://www.w3.org/2001/XMLSchema-instance" xsi:noNamespaceSchemaLocation="https://maven.apache.org/surefire/maven-surefire-plugin/xsd/surefire-test-report.xsd" name="com.yunhan.admin.AdminApplicationTests" time="7.083" tests="1" errors="1" skipped="0" failures="0">
  <properties>
[...]
</properties>
  <testcase name="contextLoads" classname="com.yunhan.admin.AdminApplicationTests" time="0.002">
    <error message="Failed to load ApplicationContext" type="java.lang.IllegalStateException">java.lang.IllegalStateException: Failed to load ApplicationContext
Caused by: org.springframework.beans.factory.BeanCreationException: Error creating bean with name 'captchaController': Injection of resource dependencies failed; nested exception is org.springframework.beans.factory.NoUniqueBeanDefinitionException: No qualifying bean of type 'com.google.code.kaptcha.Producer' available: expected single matching bean but found 2: captchaProducer,kaptcha
Caused by: org.springframework.beans.factory.NoUniqueBeanDefinitionException: No qualifying bean of type 'com.google.code.kaptcha.Producer' available: expected single matching bean but found 2: captchaProducer,kaptcha
</error>
    <system-out><![CDATA[17:56:50,062 |-INFO in ch.qos.logback.classic.LoggerContext[default] - Could NOT find resource [logback-test.xml]
17:56:50,062 |-INFO in ch.qos.logback.classic.LoggerContext[default] - Could NOT find resource [logback.groovy]
17:56:50,062 |-INFO in ch.qos.logback.classic.LoggerContext[default] - Found resource [logback.xml] at [file:/D:/bdqn/Y2/02-SpringBoot/yunhan/target/classes/logback.xml]
17:56:50,171 |-INFO in ch.qos.logback.classic.joran.action.ConfigurationAction - debug attribute not set
17:56:50,181 |-INFO in ch.qos.logback.classic.joran.action.ConfigurationAction - Will scan for changes in [file:/D:/bdqn/Y2/02-SpringBoot/yunhan/target/classes/logback.xml] 
17:56:50,181 |-INFO in ch.qos.logback.classic.joran.action.ConfigurationAction - Setting ReconfigureOnChangeTask scanning period to 10 seconds
17:56:50,191 |-INFO in ch.qos.logback.core.joran.action.ConversionRuleAction - registering conversion word clr with class [org.springframework.boot.logging.logback.ColorConverter]
17:56:50,191 |-INFO in ch.qos.logback.core.joran.action.ConversionRuleAction - registering conversion word wex with class [org.springframework.boot.logging.logback.WhitespaceThrowableProxyConverter]
17:56:50,191 |-INFO in ch.qos.logback.core.joran.action.ConversionRuleAction - registering conversion word wEx with class [org.springframework.boot.logging.logback.ExtendedWhitespaceThrowableProxyConverter]
17:56:50,191 |-INFO in ch.qos.logback.core.joran.action.AppenderAction - About to instantiate appender of type [ch.qos.logback.core.ConsoleAppender]
17:56:50,201 |-INFO in ch.qos.logback.core.joran.action.AppenderAction - Naming appender as [CONSOLE]
17:56:50,211 |-INFO in ch.qos.logback.core.joran.action.NestedComplexPropertyIA - Assuming default type [ch.qos.logback.classic.encoder.PatternLayoutEncoder] for [encoder] property
17:56:50,261 |-INFO in ch.qos.logback.core.joran.action.AppenderAction - About to instantiate appender of type [ch.qos.logback.core.rolling.RollingFileAppender]
17:56:50,261 |-INFO in ch.qos.logback.core.joran.action.AppenderAction - Naming appender as [DEBUG_FILE]
17:56:50,271 |-INFO in ch.qos.logback.core.joran.action.NestedComplexPropertyIA - Assuming default type [ch.qos.logback.classic.encoder.PatternLayoutEncoder] for [encoder] property
17:56:50,281 |-INFO in c.q.l.core.rolling.TimeBasedRollingPolicy@1337344609 - No compression will be used
17:56:50,281 |-INFO in c.q.l.core.rolling.TimeBasedRollingPolicy@1337344609 - Will use the pattern LOG_PATH_IS_UNDEFINED/debug/log-debug-%d{yyyy-MM-dd}.%i.log for the active file
17:56:50,281 |-INFO in ch.qos.logback.core.rolling.SizeAndTimeBasedFNATP@42607a4f - The date pattern is 'yyyy-MM-dd' from file name pattern 'LOG_PATH_IS_UNDEFINED/debug/log-debug-%d{yyyy-MM-dd}.%i.log'.
17:56:50,281 |-INFO in ch.qos.logback.core.rolling.SizeAndTimeBasedFNATP@42607a4f - Roll-over at midnight.
17:56:50,291 |-INFO in ch.qos.logback.core.rolling.SizeAndTimeBasedFNATP@42607a4f - Setting initial period to Tue Nov 10 15:27:45 CST 2020
17:56:50,291 |-WARN in ch.qos.logback.core.rolling.SizeAndTimeBasedFNATP@42607a4f - SizeAndTimeBasedFNATP is deprecated. Use SizeAndTimeBasedRollingPolicy instead
17:56:50,291 |-WARN in ch.qos.logback.core.rolling.SizeAndTimeBasedFNATP@42607a4f - For more information see http://logback.qos.ch/manual/appenders.html#SizeAndTimeBasedRollingPolicy
17:56:50,291 |-INFO in ch.qos.logback.core.rolling.RollingFileAppender[DEBUG_FILE] - Active log file name: LOG_PATH_IS_UNDEFINED/log_debug.log
17:56:50,291 |-INFO in ch.qos.logback.core.rolling.RollingFileAppender[DEBUG_FILE] - File property is set to [LOG_PATH_IS_UNDEFINED/log_debug.log]
17:56:50,301 |-INFO in ch.qos.logback.core.joran.action.AppenderAction - About to instantiate appender of type [ch.qos.logback.core.rolling.RollingFileAppender]
17:56:50,301 |-INFO in ch.qos.logback.core.joran.action.AppenderAction - Naming appender as [INFO_FILE]
17:56:50,301 |-INFO in ch.qos.logback.core.joran.action.NestedComplexPropertyIA - Assuming default type [ch.qos.logback.classic.encoder.PatternLayoutEncoder] for [encoder] property
17:56:50,301 |-INFO in c.q.l.core.rolling.TimeBasedRollingPolicy@2015781843 - No compression will be used
17:56:50,301 |-INFO in c.q.l.core.rolling.TimeBasedRollingPolicy@2015781843 - Will use the pattern LOG_PATH_IS_UNDEFINED/info/log-info-%d{yyyy-MM-dd}.%i.log for the active file
17:56:50,301 |-INFO in ch.qos.logback.core.rolling.SizeAndTimeBasedFNATP@1990a65e - The date pattern is 'yyyy-MM-dd' from file name pattern 'LOG_PATH_IS_UNDEFINED/info/log-info-%d{yyyy-MM-dd}.%i.log'.
17:56:50,301 |-INFO in ch.qos.logback.core.rolling.SizeAndTimeBasedFNATP@1990a65e - Roll-over at midnight.
17:56:50,301 |-INFO in ch.qos.logback.core.rolling.SizeAndTimeBasedFNATP@1990a65e - Setting initial period to Tue Nov 10 15:27:49 CST 2020
17:56:50,301 |-WARN in ch.qos.logback.core.rolling.SizeAndTimeBasedFNATP@1990a65e - SizeAndTimeBasedFNATP is deprecated. Use SizeAndTimeBasedRollingPolicy instead
17:56:50,301 |-WARN in ch.qos.logback.core.rolling.SizeAndTimeBasedFNATP@1990a65e - For more information see http://logback.qos.ch/manual/appenders.html#SizeAndTimeBasedRollingPolicy
17:56:50,301 |-INFO in ch.qos.logback.core.rolling.RollingFileAppender[INFO_FILE] - Active log file name: LOG_PATH_IS_UNDEFINED/log_info.log
17:56:50,301 |-INFO in ch.qos.logback.core.rolling.RollingFileAppender[INFO_FILE] - File property is set to [LOG_PATH_IS_UNDEFINED/log_info.log]
17:56:50,301 |-INFO in ch.qos.logback.core.joran.action.AppenderAction - About to instantiate appender of type [ch.qos.logback.core.rolling.RollingFileAppender]
17:56:50,301 |-INFO in ch.qos.logback.core.joran.action.AppenderAction - Naming appender as [WARN_FILE]
17:56:50,301 |-INFO in ch.qos.logback.core.joran.action.NestedComplexPropertyIA - Assuming default type [ch.qos.logback.classic.encoder.PatternLayoutEncoder] for [encoder] property
17:56:50,311 |-INFO in c.q.l.core.rolling.TimeBasedRollingPolicy@1682463303 - No compression will be used
17:56:50,311 |-INFO in c.q.l.core.rolling.TimeBasedRollingPolicy@1682463303 - Will use the pattern LOG_PATH_IS_UNDEFINED/warn/log-warn-%d{yyyy-MM-dd}.%i.log for the active file
17:56:50,311 |-INFO in ch.qos.logback.core.rolling.SizeAndTimeBasedFNATP@25bbf683 - The date pattern is 'yyyy-MM-dd' from file name pattern 'LOG_PATH_IS_UNDEFINED/warn/log-warn-%d{yyyy-MM-dd}.%i.log'.
17:56:50,311 |-INFO in ch.qos.logback.core.rolling.SizeAndTimeBasedFNATP@25bbf683 - Roll-over at midnight.
17:56:50,311 |-INFO in ch.qos.logback.core.rolling.SizeAndTimeBasedFNATP@25bbf683 - Setting initial period to Tue Nov 10 15:27:49 CST 2020
17:56:50,311 |-WARN in ch.qos.logback.core.rolling.SizeAndTimeBasedFNATP@25bbf683 - SizeAndTimeBasedFNATP is deprecated. Use SizeAndTimeBasedRollingPolicy instead
17:56:50,311 |-WARN in ch.qos.logback.core.rolling.SizeAndTimeBasedFNATP@25bbf683 - For more information see http://logback.qos.ch/manual/appenders.html#SizeAndTimeBasedRollingPolicy
17:56:50,311 |-INFO in ch.qos.logback.core.rolling.RollingFileAppender[WARN_FILE] - Active log file name: LOG_PATH_IS_UNDEFINED/log_warn.log
17:56:50,311 |-INFO in ch.qos.logback.core.rolling.RollingFileAppender[WARN_FILE] - File property is set to [LOG_PATH_IS_UNDEFINED/log_warn.log]
17:56:50,311 |-INFO in ch.qos.logback.core.joran.action.AppenderAction - About to instantiate appender of type [ch.qos.logback.core.rolling.RollingFileAppender]
17:56:50,311 |-INFO in ch.qos.logback.core.joran.action.AppenderAction - Naming appender as [ERROR_FILE]
17:56:50,311 |-INFO in ch.qos.logback.core.joran.action.NestedComplexPropertyIA - Assuming default type [ch.qos.logback.classic.encoder.PatternLayoutEncoder] for [encoder] property
17:56:50,311 |-INFO in c.q.l.core.rolling.TimeBasedRollingPolicy@1858609436 - No compression will be used
17:56:50,311 |-INFO in c.q.l.core.rolling.TimeBasedRollingPolicy@1858609436 - Will use the pattern LOG_PATH_IS_UNDEFINED/error/log-error-%d{yyyy-MM-dd}.%i.log for the active file
17:56:50,311 |-INFO in ch.qos.logback.core.rolling.SizeAndTimeBasedFNATP@7276c8cd - The date pattern is 'yyyy-MM-dd' from file name pattern 'LOG_PATH_IS_UNDEFINED/error/log-error-%d{yyyy-MM-dd}.%i.log'.
17:56:50,311 |-INFO in ch.qos.logback.core.rolling.SizeAndTimeBasedFNATP@7276c8cd - Roll-over at midnight.
17:56:50,311 |-INFO in ch.qos.logback.core.rolling.SizeAndTimeBasedFNATP@7276c8cd - Setting initial period to Tue Nov 10 15:27:49 CST 2020
17:56:50,311 |-WARN in ch.qos.logback.core.rolling.SizeAndTimeBasedFNATP@7276c8cd - SizeAndTimeBasedFNATP is deprecated. Use SizeAndTimeBasedRollingPolicy instead
17:56:50,311 |-WARN in ch.qos.logback.core.rolling.SizeAndTimeBasedFNATP@7276c8cd - For more information see http://logback.qos.ch/manual/appenders.html#SizeAndTimeBasedRollingPolicy
17:56:50,321 |-INFO in ch.qos.logback.core.rolling.RollingFileAppender[ERROR_FILE] - Active log file name: LOG_PATH_IS_UNDEFINED/log_error.log
17:56:50,321 |-INFO in ch.qos.logback.core.rolling.RollingFileAppender[ERROR_FILE] - File property is set to [LOG_PATH_IS_UNDEFINED/log_error.log]
17:56:50,321 |-INFO in ch.qos.logback.classic.joran.action.LoggerAction - Setting level of logger [org.springframework.web] to INFO
17:56:50,321 |-INFO in ch.qos.logback.classic.joran.action.LoggerAction - Setting level of logger [org.springframework.scheduling.annotation.ScheduledAnnotationBeanPostProcessor] to INFO
17:56:50,321 |-INFO in ch.qos.logback.classic.joran.action.LoggerAction - Setting level of logger [com.yunhan] to DEBUG
17:56:50,321 |-INFO in ch.qos.logback.classic.joran.action.RootLoggerAction - Setting level of ROOT logger to INFO
17:56:50,321 |-INFO in ch.qos.logback.core.joran.action.AppenderRefAction - Attaching appender named [CONSOLE] to Logger[ROOT]
17:56:50,321 |-INFO in ch.qos.logback.core.joran.action.AppenderRefAction - Attaching appender named [DEBUG_FILE] to Logger[ROOT]
17:56:50,321 |-INFO in ch.qos.logback.core.joran.action.AppenderRefAction - Attaching appender named [INFO_FILE] to Logger[ROOT]
17:56:50,321 |-INFO in ch.qos.logback.core.joran.action.AppenderRefAction - Attaching appender named [WARN_FILE] to Logger[ROOT]
17:56:50,321 |-INFO in ch.qos.logback.core.joran.action.AppenderRefAction - Attaching appender named [ERROR_FILE] to Logger[ROOT]
17:56:50,321 |-INFO in ch.qos.logback.classic.joran.action.ConfigurationAction - End of configuration.
17:56:50,321 |-INFO in ch.qos.logback.classic.joran.JoranConfigurator@544a2ea6 - Registering current configuration as safe fallback point

2020-11-10 17:56:50.591  INFO   --- [           main] .b.t.c.SpringBootTestContextBootstrapper : Neither @ContextConfiguration nor @ContextHierarchy found for test class [com.yunhan.admin.AdminApplicationTests], using SpringBootContextLoader
2020-11-10 17:56:50.621  INFO   --- [           main] o.s.t.c.support.AbstractContextLoader    : Could not detect default resource locations for test class [com.yunhan.admin.AdminApplicationTests]: no resource found for suffixes {-context.xml, Context.groovy}.
2020-11-10 17:56:50.621  INFO   --- [           main] t.c.s.AnnotationConfigContextLoaderUtils : Could not detect default configuration classes for test class [com.yunhan.admin.AdminApplicationTests]: AdminApplicationTests does not declare any static, non-private, non-final, nested classes annotated with @Configuration.
2020-11-10 17:56:50.821  INFO   --- [           main] .b.t.c.SpringBootTestContextBootstrapper : Found @SpringBootConfiguration com.yunhan.AdminApplication for test class com.yunhan.admin.AdminApplicationTests
2020-11-10 17:56:51.061  INFO   --- [           main] .b.t.c.SpringBootTestContextBootstrapper : Loaded default TestExecutionListener class names from location [META-INF/spring.factories]: [org.springframework.boot.test.mock.mockito.MockitoTestExecutionListener, org.springframework.boot.test.mock.mockito.ResetMocksTestExecutionListener, org.springframework.boot.test.autoconfigure.restdocs.RestDocsTestExecutionListener, org.springframework.boot.test.autoconfigure.web.client.MockRestServiceServerResetTestExecutionListener, org.springframework.boot.test.autoconfigure.web.servlet.MockMvcPrintOnlyOnFailureTestExecutionListener, org.springframework.boot.test.autoconfigure.web.servlet.WebDriverTestExecutionListener, org.springframework.test.context.web.ServletTestExecutionListener, org.springframework.test.context.support.DirtiesContextBeforeModesTestExecutionListener, org.springframework.test.context.support.DependencyInjectionTestExecutionListener, org.springframework.test.context.support.DirtiesContextTestExecutionListener, org.springframework.test.context.transaction.TransactionalTestExecutionListener, org.springframework.test.context.jdbc.SqlScriptsTestExecutionListener]
2020-11-10 17:56:51.101  INFO   --- [           main] .b.t.c.SpringBootTestContextBootstrapper : Using TestExecutionListeners: [org.springframework.test.context.web.ServletTestExecutionListener@1b11171f, org.springframework.test.context.support.DirtiesContextBeforeModesTestExecutionListener@1151e434, org.springframework.boot.test.mock.mockito.MockitoTestExecutionListener@2dc54ad4, org.springframework.boot.test.autoconfigure.SpringBootDependencyInjectionTestExecutionListener@4659191b, org.springframework.test.context.support.DirtiesContextTestExecutionListener@55634720, org.springframework.test.context.transaction.TransactionalTestExecutionListener@4b0d79fc, org.springframework.test.context.jdbc.SqlScriptsTestExecutionListener@4c1909a3, org.springframework.boot.test.mock.mockito.ResetMocksTestExecutionListener@428640fa, org.springframework.boot.test.autoconfigure.restdocs.RestDocsTestExecutionListener@d9345cd, org.springframework.boot.test.autoconfigure.web.client.MockRestServiceServerResetTestExecutionListener@2d710f1a, org.springframework.boot.test.autoconfigure.web.servlet.MockMvcPrintOnlyOnFailureTestExecutionListener@29215f06, org.springframework.boot.test.autoconfigure.web.servlet.WebDriverTestExecutionListener@59505b48]
 .----------------.   .----------------.   .----------------.   .----------------.
| .--------------. | | .--------------. | | .--------------. | | .--------------. |
| |  ____  ____  | | | |    _______   | | | |     _____    | | | |  _________   | |
| | |_  _||_  _| | | | |   /  ___  |  | | | |    |_   _|   | | | | |  _   _  |  | |
| |   \ \  / /   | | | |  |  (__ \_|  | | | |      | |     | | | | |_/ | | \_|  | |
| |    > `' <    | | | |   '.___`-.   | | | |      | |     | | | |     | |      | |
| |  _/ /'`\ \_  | | | |  |`\____) |  | | | |     _| |_    | | | |    _| |_     | |
| | |____||____| | | | |  |_______.'  | | | |    |_____|   | | | |   |_____|    | |
| |              | | | |              | | | |              | | | |              | |
| '--------------' | | '--------------' | | '--------------' | | '--------------' |
 '----------------'   '----------------'   '----------------'   '----------------'
2020-11-10 17:56:51.997  INFO 8356 --- [           main] com.yunhan.admin.AdminApplicationTests   : Starting AdminApplicationTests on DESKTOP-1RVJCMU with PID 8356 (started by haiwang in D:\bdqn\Y2\02-SpringBoot\yunhan)
2020-11-10 17:56:51.997  INFO 8356 --- [           main] com.yunhan.admin.AdminApplicationTests   : The following profiles are active: dev
2020-11-10 17:56:52.077  INFO 8356 --- [           main] o.s.w.c.s.GenericWebApplicationContext   : Refreshing org.springframework.web.context.support.GenericWebApplicationContext@106cc338: startup date [Tue Nov 10 17:56:52 CST 2020]; root of context hierarchy
2020-11-10 17:56:54.476  INFO 8356 --- [           main] trationDelegate$BeanPostProcessorChecker : Bean 'shiroConfig' of type [com.yunhan.common.config.ShiroConfig$$EnhancerBySpringCGLIB$$36afac2c] is not eligible for getting processed by all BeanPostProcessors (for example: not eligible for auto-proxying)
2020-11-10 17:56:54.656  INFO 8356 --- [           main] trationDelegate$BeanPostProcessorChecker : Bean 'authRealm' of type [com.yunhan.common.realm.AuthRealm] is not eligible for getting processed by all BeanPostProcessors (for example: not eligible for auto-proxying)
2020-11-10 17:56:54.666  INFO 8356 --- [           main] com.yunhan.common.config.ShiroConfig     : - - - - - - -shiro开始加载- - - - - - 
2020-11-10 17:56:55.755  INFO 8356 --- [           main] trationDelegate$BeanPostProcessorChecker : Bean 'rememberMeCookie' of type [org.apache.shiro.web.servlet.SimpleCookie] is not eligible for getting processed by all BeanPostProcessors (for example: not eligible for auto-proxying)
2020-11-10 17:56:55.765  INFO 8356 --- [           main] trationDelegate$BeanPostProcessorChecker : Bean 'rememberMeManager' of type [org.apache.shiro.web.mgt.CookieRememberMeManager] is not eligible for getting processed by all BeanPostProcessors (for example: not eligible for auto-proxying)
2020-11-10 17:56:55.785  INFO 8356 --- [           main] trationDelegate$BeanPostProcessorChecker : Bean 'webSessionManager' of type [org.apache.shiro.web.session.mgt.DefaultWebSessionManager] is not eligible for getting processed by all BeanPostProcessors (for example: not eligible for auto-proxying)
2020-11-10 17:56:56.105  INFO 8356 --- [           main] trationDelegate$BeanPostProcessorChecker : Bean 'cacheManager' of type [org.apache.shiro.cache.ehcache.EhCacheManager] is not eligible for getting processed by all BeanPostProcessors (for example: not eligible for auto-proxying)
2020-11-10 17:56:56.105  INFO 8356 --- [           main] o.a.shiro.cache.ehcache.EhCacheManager   : Cache with name 'com.yunhan.common.realm.AuthRealm.authorizationCache' does not yet exist.  Creating now.
2020-11-10 17:56:56.105  INFO 8356 --- [           main] o.a.shiro.cache.ehcache.EhCacheManager   : Added EhCache named [com.yunhan.common.realm.AuthRealm.authorizationCache]
2020-11-10 17:56:56.125  INFO 8356 --- [           main] trationDelegate$BeanPostProcessorChecker : Bean 'securityManager' of type [org.apache.shiro.web.mgt.DefaultWebSecurityManager] is not eligible for getting processed by all BeanPostProcessors (for example: not eligible for auto-proxying)
2020-11-10 17:56:56.205  INFO 8356 --- [           main] trationDelegate$BeanPostProcessorChecker : Bean 'authorizationAttributeSourceAdvisor' of type [org.apache.shiro.spring.security.interceptor.AuthorizationAttributeSourceAdvisor] is not eligible for getting processed by all BeanPostProcessors (for example: not eligible for auto-proxying)
2020-11-10 17:56:56.305  INFO 8356 --- [           main] trationDelegate$BeanPostProcessorChecker : Bean 'org.springframework.transaction.annotation.ProxyTransactionManagementConfiguration' of type [org.springframework.transaction.annotation.ProxyTransactionManagementConfiguration$$EnhancerBySpringCGLIB$$70f6097b] is not eligible for getting processed by all BeanPostProcessors (for example: not eligible for auto-proxying)
2020-11-10 17:56:56.735  WARN 8356 --- [           main] o.s.w.c.s.GenericWebApplicationContext   : Exception encountered during context initialization - cancelling refresh attempt: org.springframework.beans.factory.BeanCreationException: Error creating bean with name 'captchaController': Injection of resource dependencies failed; nested exception is org.springframework.beans.factory.NoUniqueBeanDefinitionException: No qualifying bean of type 'com.google.code.kaptcha.Producer' available: expected single matching bean but found 2: captchaProducer,kaptcha
2020-11-10 17:56:56.785  INFO 8356 --- [           main] ConditionEvaluationReportLoggingListener : 

Error starting ApplicationContext. To display the conditions report re-run your application with 'debug' enabled.
2020-11-10 17:56:56.795 ERROR 8356 --- [           main] o.s.boot.SpringApplication               : Application run failed

org.springframework.beans.factory.BeanCreationException: Error creating bean with name 'captchaController': Injection of resource dependencies failed; nested exception is org.springframework.beans.factory.NoUniqueBeanDefinitionException: No qualifying bean of type 'com.google.code.kaptcha.Producer' available: expected single matching bean but found 2: captchaProducer,kaptcha
	at org.springframework.context.annotation.CommonAnnotationBeanPostProcessor.postProcessPropertyValues(CommonAnnotationBeanPostProcessor.java:321)
	at org.springframework.beans.factory.support.AbstractAutowireCapableBeanFactory.populateBean(AbstractAutowireCapableBeanFactory.java:1350)
	at org.springframework.beans.factory.support.AbstractAutowireCapableBeanFactory.doCreateBean(AbstractAutowireCapableBeanFactory.java:580)
	at org.springframework.beans.factory.support.AbstractAutowireCapableBeanFactory.createBean(AbstractAutowireCapableBeanFactory.java:503)
	at org.springframework.beans.factory.support.AbstractBeanFactory.lambda$doGetBean$0(AbstractBeanFactory.java:317)
	at org.springframework.beans.factory.support.DefaultSingletonBeanRegistry.getSingleton(DefaultSingletonBeanRegistry.java:222)
	at org.springframework.beans.factory.support.AbstractBeanFactory.doGetBean(AbstractBeanFactory.java:315)
	at org.springframework.beans.factory.support.AbstractBeanFactory.getBean(AbstractBeanFactory.java:199)
	at org.springframework.beans.factory.support.DefaultListableBeanFactory.preInstantiateSingletons(DefaultListableBeanFactory.java:760)
	at org.springframework.context.support.AbstractApplicationContext.finishBeanFactoryInitialization(AbstractApplicationContext.java:869)
	at org.springframework.context.support.AbstractApplicationContext.refresh(AbstractApplicationContext.java:550)
	at org.springframework.boot.SpringApplication.refresh(SpringApplication.java:759)
	at org.springframework.boot.SpringApplication.refreshContext(SpringApplication.java:395)
	at org.springframework.boot.SpringApplication.run(SpringApplication.java:327)
	at org.springframework.boot.test.context.SpringBootContextLoader.loadContext(SpringBootContextLoader.java:139)
	at org.springframework.test.context.cache.DefaultCacheAwareContextLoaderDelegate.loadContextInternal(DefaultCacheAwareContextLoaderDelegate.java:99)
	at org.springframework.test.context.cache.DefaultCacheAwareContextLoaderDelegate.loadContext(DefaultCacheAwareContextLoaderDelegate.java:117)
	at org.springframework.test.context.support.DefaultTestContext.getApplicationContext(DefaultTestContext.java:108)
	at org.springframework.test.context.web.ServletTestExecutionListener.setUpRequestContextIfNecessary(ServletTestExecutionListener.java:190)
	at org.springframework.test.context.web.ServletTestExecutionListener.prepareTestInstance(ServletTestExecutionListener.java:132)
	at org.springframework.test.context.TestContextManager.prepareTestInstance(TestContextManager.java:246)
	at org.springframework.test.context.junit4.SpringJUnit4ClassRunner.createTest(SpringJUnit4ClassRunner.java:227)
	at org.springframework.test.context.junit4.SpringJUnit4ClassRunner$1.runReflectiveCall(SpringJUnit4ClassRunner.java:289)
	at org.junit.internal.runners.model.ReflectiveCallable.run(ReflectiveCallable.java:12)
	at org.springframework.test.context.junit4.SpringJUnit4ClassRunner.methodBlock(SpringJUnit4ClassRunner.java:291)
	at org.springframework.test.context.junit4.SpringJUnit4ClassRunner.runChild(SpringJUnit4ClassRunner.java:246)
	at org.springframework.test.context.junit4.SpringJUnit4ClassRunner.runChild(SpringJUnit4ClassRunner.java:97)
	at org.junit.runners.ParentRunner$3.run(ParentRunner.java:290)
	at org.junit.runners.ParentRunner$1.schedule(ParentRunner.java:71)
	at org.junit.runners.ParentRunner.runChildren(ParentRunner.java:288)
	at org.junit.runners.ParentRunner.access$000(ParentRunner.java:58)
	at org.junit.runners.ParentRunner$2.evaluate(ParentRunner.java:268)
	at org.springframework.test.context.junit4.statements.RunBeforeTestClassCallbacks.evaluate(RunBeforeTestClassCallbacks.java:61)
	at org.springframework.test.context.junit4.statements.RunAfterTestClassCallbacks.evaluate(RunAfterTestClassCallbacks.java:70)
	at org.junit.runners.ParentRunner.run(ParentRunner.java:363)
	at org.springframework.test.context.junit4.SpringJUnit4ClassRunner.run(SpringJUnit4ClassRunner.java:190)
	at org.apache.maven.surefire.junit4.JUnit4Provider.execute(JUnit4Provider.java:365)
	at org.apache.maven.surefire.junit4.JUnit4Provider.executeWithRerun(JUnit4Provider.java:273)
	at org.apache.maven.surefire.junit4.JUnit4Provider.executeTestSet(JUnit4Provider.java:238)
	at org.apache.maven.surefire.junit4.JUnit4Provider.invoke(JUnit4Provider.java:159)
	at org.apache.maven.surefire.booter.ForkedBooter.invokeProviderInSameClassLoader(ForkedBooter.java:379)
	at org.apache.maven.surefire.booter.ForkedBooter.runSuitesInProcess(ForkedBooter.java:340)
	at org.apache.maven.surefire.booter.ForkedBooter.execute(ForkedBooter.java:125)
	at org.apache.maven.surefire.booter.ForkedBooter.main(ForkedBooter.java:413)
Caused by: org.springframework.beans.factory.NoUniqueBeanDefinitionException: No qualifying bean of type 'com.google.code.kaptcha.Producer' available: expected single matching bean but found 2: captchaProducer,kaptcha
	at org.springframework.beans.factory.config.DependencyDescriptor.resolveNotUnique(DependencyDescriptor.java:215)
	at org.springframework.beans.factory.support.DefaultListableBeanFactory.doResolveDependency(DefaultListableBeanFactory.java:1116)
	at org.springframework.beans.factory.support.DefaultListableBeanFactory.resolveDependency(DefaultListableBeanFactory.java:1065)
	at org.springframework.context.annotation.CommonAnnotationBeanPostProcessor.autowireResource(CommonAnnotationBeanPostProcessor.java:506)
	at org.springframework.context.annotation.CommonAnnotationBeanPostProcessor.getResource(CommonAnnotationBeanPostProcessor.java:484)
	at org.springframework.context.annotation.CommonAnnotationBeanPostProcessor$ResourceElement.getResourceToInject(CommonAnnotationBeanPostProcessor.java:618)
	at org.springframework.beans.factory.annotation.InjectionMetadata$InjectedElement.inject(InjectionMetadata.java:177)
	at org.springframework.beans.factory.annotation.InjectionMetadata.inject(InjectionMetadata.java:91)
	at org.springframework.context.annotation.CommonAnnotationBeanPostProcessor.postProcessPropertyValues(CommonAnnotationBeanPostProcessor.java:318)
	... 43 common frames omitted

2020-11-10 17:56:56.795 ERROR 8356 --- [           main] o.s.test.context.TestContextManager      : Caught exception while allowing TestExecutionListener [org.springframework.test.context.web.ServletTestExecutionListener@1b11171f] to prepare test instance [com.yunhan.admin.AdminApplicationTests@7a04fea7]

java.lang.IllegalStateException: Failed to load ApplicationContext
	at org.springframework.test.context.cache.DefaultCacheAwareContextLoaderDelegate.loadContext(DefaultCacheAwareContextLoaderDelegate.java:125)
	at org.springframework.test.context.support.DefaultTestContext.getApplicationContext(DefaultTestContext.java:108)
	at org.springframework.test.context.web.ServletTestExecutionListener.setUpRequestContextIfNecessary(ServletTestExecutionListener.java:190)
	at org.springframework.test.context.web.ServletTestExecutionListener.prepareTestInstance(ServletTestExecutionListener.java:132)
	at org.springframework.test.context.TestContextManager.prepareTestInstance(TestContextManager.java:246)
	at org.springframework.test.context.junit4.SpringJUnit4ClassRunner.createTest(SpringJUnit4ClassRunner.java:227)
	at org.springframework.test.context.junit4.SpringJUnit4ClassRunner$1.runReflectiveCall(SpringJUnit4ClassRunner.java:289)
	at org.junit.internal.runners.model.ReflectiveCallable.run(ReflectiveCallable.java:12)
	at org.springframework.test.context.junit4.SpringJUnit4ClassRunner.methodBlock(SpringJUnit4ClassRunner.java:291)
	at org.springframework.test.context.junit4.SpringJUnit4ClassRunner.runChild(SpringJUnit4ClassRunner.java:246)
	at org.springframework.test.context.junit4.SpringJUnit4ClassRunner.runChild(SpringJUnit4ClassRunner.java:97)
	at org.junit.runners.ParentRunner$3.run(ParentRunner.java:290)
	at org.junit.runners.ParentRunner$1.schedule(ParentRunner.java:71)
	at org.junit.runners.ParentRunner.runChildren(ParentRunner.java:288)
	at org.junit.runners.ParentRunner.access$000(ParentRunner.java:58)
	at org.junit.runners.ParentRunner$2.evaluate(ParentRunner.java:268)
	at org.springframework.test.context.junit4.statements.RunBeforeTestClassCallbacks.evaluate(RunBeforeTestClassCallbacks.java:61)
	at org.springframework.test.context.junit4.statements.RunAfterTestClassCallbacks.evaluate(RunAfterTestClassCallbacks.java:70)
	at org.junit.runners.ParentRunner.run(ParentRunner.java:363)
	at org.springframework.test.context.junit4.SpringJUnit4ClassRunner.run(SpringJUnit4ClassRunner.java:190)
	at org.apache.maven.surefire.junit4.JUnit4Provider.execute(JUnit4Provider.java:365)
	at org.apache.maven.surefire.junit4.JUnit4Provider.executeWithRerun(JUnit4Provider.java:273)
	at org.apache.maven.surefire.junit4.JUnit4Provider.executeTestSet(JUnit4Provider.java:238)
	at org.apache.maven.surefire.junit4.JUnit4Provider.invoke(JUnit4Provider.java:159)
	at org.apache.maven.surefire.booter.ForkedBooter.invokeProviderInSameClassLoader(ForkedBooter.java:379)
	at org.apache.maven.surefire.booter.ForkedBooter.runSuitesInProcess(ForkedBooter.java:340)
	at org.apache.maven.surefire.booter.ForkedBooter.execute(ForkedBooter.java:125)
	at org.apache.maven.surefire.booter.ForkedBooter.main(ForkedBooter.java:413)
Caused by: org.springframework.beans.factory.BeanCreationException: Error creating bean with name 'captchaController': Injection of resource dependencies failed; nested exception is org.springframework.beans.factory.NoUniqueBeanDefinitionException: No qualifying bean of type 'com.google.code.kaptcha.Producer' available: expected single matching bean but found 2: captchaProducer,kaptcha
	at org.springframework.context.annotation.CommonAnnotationBeanPostProcessor.postProcessPropertyValues(CommonAnnotationBeanPostProcessor.java:321)
	at org.springframework.beans.factory.support.AbstractAutowireCapableBeanFactory.populateBean(AbstractAutowireCapableBeanFactory.java:1350)
	at org.springframework.beans.factory.support.AbstractAutowireCapableBeanFactory.doCreateBean(AbstractAutowireCapableBeanFactory.java:580)
	at org.springframework.beans.factory.support.AbstractAutowireCapableBeanFactory.createBean(AbstractAutowireCapableBeanFactory.java:503)
	at org.springframework.beans.factory.support.AbstractBeanFactory.lambda$doGetBean$0(AbstractBeanFactory.java:317)
	at org.springframework.beans.factory.support.DefaultSingletonBeanRegistry.getSingleton(DefaultSingletonBeanRegistry.java:222)
	at org.springframework.beans.factory.support.AbstractBeanFactory.doGetBean(AbstractBeanFactory.java:315)
	at org.springframework.beans.factory.support.AbstractBeanFactory.getBean(AbstractBeanFactory.java:199)
	at org.springframework.beans.factory.support.DefaultListableBeanFactory.preInstantiateSingletons(DefaultListableBeanFactory.java:760)
	at org.springframework.context.support.AbstractApplicationContext.finishBeanFactoryInitialization(AbstractApplicationContext.java:869)
	at org.springframework.context.support.AbstractApplicationContext.refresh(AbstractApplicationContext.java:550)
	at org.springframework.boot.SpringApplication.refresh(SpringApplication.java:759)
	at org.springframework.boot.SpringApplication.refreshContext(SpringApplication.java:395)
	at org.springframework.boot.SpringApplication.run(SpringApplication.java:327)
	at org.springframework.boot.test.context.SpringBootContextLoader.loadContext(SpringBootContextLoader.java:139)
	at org.springframework.test.context.cache.DefaultCacheAwareContextLoaderDelegate.loadContextInternal(DefaultCacheAwareContextLoaderDelegate.java:99)
	at org.springframework.test.context.cache.DefaultCacheAwareContextLoaderDelegate.loadContext(DefaultCacheAwareContextLoaderDelegate.java:117)
	... 27 common frames omitted
Caused by: org.springframework.beans.factory.NoUniqueBeanDefinitionException: No qualifying bean of type 'com.google.code.kaptcha.Producer' available: expected single matching bean but found 2: captchaProducer,kaptcha
	at org.springframework.beans.factory.config.DependencyDescriptor.resolveNotUnique(DependencyDescriptor.java:215)
	at org.springframework.beans.factory.support.DefaultListableBeanFactory.doResolveDependency(DefaultListableBeanFactory.java:1116)
	at org.springframework.beans.factory.support.DefaultListableBeanFactory.resolveDependency(DefaultListableBeanFactory.java:1065)
	at org.springframework.context.annotation.CommonAnnotationBeanPostProcessor.autowireResource(CommonAnnotationBeanPostProcessor.java:506)
	at org.springframework.context.annotation.CommonAnnotationBeanPostProcessor.getResource(CommonAnnotationBeanPostProcessor.java:484)
	at org.springframework.context.annotation.CommonAnnotationBeanPostProcessor$ResourceElement.getResourceToInject(CommonAnnotationBeanPostProcessor.java:618)
	at org.springframework.beans.factory.annotation.InjectionMetadata$InjectedElement.inject(InjectionMetadata.java:177)
	at org.springframework.beans.factory.annotation.InjectionMetadata.inject(InjectionMetadata.java:91)
	at org.springframework.context.annotation.CommonAnnotationBeanPostProcessor.postProcessPropertyValues(CommonAnnotationBeanPostProcessor.java:318)
	... 43 common frames omitted

]]></system-out>
  </testcase>
</testsuite>